build/app/outputs/mapping/release/seeds.txt
gallery.hidepictures.photovault.lockgallery.gallery_vault.MainActivity
gallery.hidepictures.photovault.lockgallery.gallery_vault.MainActivity: MainActivity()
...
androidx.appcompat.widget.Toolbar: void setTitleMarginTop(int)
androidx.core.widget.ImageViewCompat$Api21Impl: android.graphics.PorterDuff$Mode getImageTintMode(android.widget.ImageView)
androidx.appcompat.widget.AppCompatButton: int getAutoSizeMinTextSize()
org.chromium.support_lib_boundary.WebMessagePortBoundaryInterface: void close()
androidx.appcompat.widget.Toolbar: java.lang.CharSequence getSubtitle()
androidx.core.graphics.drawable.DrawableCompat$Api21Impl: void setHotspot(android.graphics.drawable.Drawable,float,float)
androidx.window.layout.WindowMetricsCalculatorCompat: WindowMetricsCalculatorCompat()
androidx.core.app.NotificationCompatBuilder$Api26Impl: android.app.Notification$Builder setGroupAlertBehavior(android.app.Notification$Builder,int)
androidx.appcompat.widget.Toolbar: java.util.ArrayList getCurrentMenuItems()
androidx.appcompat.widget.AbsActionBarView: void setContentHeight(int)
com.onesignal.JobIntentService$WorkEnqueuer: void enqueueWork(android.content.Intent)
androidx.core.view.accessibility.AccessibilityRecordCompat$Api15Impl: int getMaxScrollY(android.view.accessibility.AccessibilityRecord)
kotlin.coroutines.jvm.internal.BaseContinuationImpl: kotlin.coroutines.Continuation create(java.lang.Object,kotlin.coroutines.Continuation)
io.flutter.embedding.engine.FlutterJNI: void onFirstFrame()
androidx.appcompat.widget.SearchView: void setImeOptions(int)
org.chromium.support_lib_boundary.WebAuthnCallbackBoundaryInterface: void onResult(int,android.content.Intent)
androidx.window.layout.FoldingFeature$State: FoldingFeature$State(java.lang.String)
androidx.appcompat.widget.AppCompatAutoCompleteTextView: android.content.res.ColorStateList getSupportCompoundDrawablesTintList()
io.flutter.plugin.platform.SingleViewPresentation: SingleViewPresentation(android.content.Context,android.view.Display,io.flutter.plugin.platform.PlatformView,io.flutter.plugin.platform.AccessibilityEventsDelegate,int,android.view.View$OnFocusChangeListener)
androidx.appcompat.widget.Toolbar: void setBackInvokedCallbackEnabled(boolean)
androidx.core.view.ViewCompat$Api21Impl: boolean dispatchNestedScroll(android.view.View,int,int,int,int,int[])
androidx.appcompat.view.menu.ListMenuItemView: void setSubMenuArrowVisible(boolean)
androidx.appcompat.view.menu.ListMenuItemView: void setCheckable(boolean)
androidx.window.embedding.ActivityRule: androidx.window.embedding.ActivityRule plus$window_release(androidx.window.embedding.ActivityFilter)
androidx.vectordrawable.graphics.drawable.VectorDrawableCompat$VFullPath: float getFillAlpha()
androidx.appcompat.widget.SearchView: void setOnQueryTextListener(androidx.appcompat.widget.SearchView$OnQueryTextListener)
kotlin.coroutines.intrinsics.CoroutineSingletons: kotlin.coroutines.intrinsics.CoroutineSingletons valueOf(java.lang.String)
androidx.window.layout.SidecarCompat$TranslatingCallback: void onWindowLayoutChanged(android.os.IBinder,androidx.window.sidecar.SidecarWindowLayoutInfo)
androidx.core.view.WindowInsetsCompat$Impl21: androidx.core.view.WindowInsetsCompat consumeStableInsets()
androidx.window.embedding.SplitController: java.util.concurrent.locks.ReentrantLock access$getGlobalLock$cp()
com.scottyab.rootbeer.RootBeerNative: int setLogDebugMessages(boolean)
androidx.appcompat.widget.AppCompatImageView: void setSupportBackgroundTintMode(android.graphics.PorterDuff$Mode)
androidx.window.embedding.SplitPairRule: int hashCode()
androidx.window.layout.HardwareFoldingFeature: androidx.window.layout.FoldingFeature$State getState()
androidx.appcompat.widget.Toolbar: void setTitle(int)
kotlin.jvm.internal.FunctionReference: boolean isOperator()
io.flutter.embedding.engine.FlutterJNI: void nativeUpdateRefreshRate(float)
androidx.appcompat.widget.AppCompatImageButton: void setImageResource(int)
kotlin.jvm.internal.CallableReference: java.lang.Object callBy(java.util.Map)
android.support.v4.graphics.drawable.IconCompatParcelizer: IconCompatParcelizer()