build/app/outputs/mapping/release/mapping.txt
# compiler: R8
# compiler_version: 3.0.76
# min_api: 21
# pg_map_id: b829ee8
# common_typos_disable
...
com.google.android.gms.common.stats.StatsUtils -> e6.b:
    java.lang.String getEventKey(android.os.PowerManager$WakeLock,java.lang.String) -> a
com.google.android.gms.common.stats.WakeLockTracker -> e6.c:
    com.google.android.gms.common.stats.WakeLockTracker zza -> a
    com.google.android.gms.common.stats.WakeLockTracker getInstance() -> a
    void registerEvent(android.content.Context,java.lang.String,int,java.lang.String,java.lang.String,java.lang.String,int,java.util.List) -> b
    void registerEvent(android.content.Context,java.lang.String,int,java.lang.String,java.lang.String,java.lang.String,int,java.util.List,long) -> c
com.google.android.gms.common.util.AndroidUtilsLight -> f6.a:
    byte[] getPackageCertificateHashBytes(android.content.Context,java.lang.String) -> a
    java.security.MessageDigest zza(java.lang.String) -> b
com.google.android.gms.common.util.ArrayUtils -> f6.b:
    boolean contains(int[],int) -> a
    boolean contains(java.lang.Object[],java.lang.Object) -> b
com.google.android.gms.common.util.Base64Utils -> f6.c:
    java.lang.String encodeUrlSafeNoPadding(byte[]) -> a
com.google.android.gms.common.util.ClientLibraryUtils -> f6.d:
    boolean isPackageSide() -> a
com.google.android.gms.common.util.Clock -> f6.e:
com.google.android.gms.common.util.DefaultClock -> f6.f:
    com.google.android.gms.common.util.DefaultClock zza -> a
    com.google.android.gms.common.util.Clock getInstance() -> a
com.google.android.gms.common.util.DeviceProperties -> f6.g:
    java.lang.Boolean zzf -> c
    java.lang.Boolean zzg -> d
    java.lang.Boolean zzc -> a
    java.lang.Boolean zzd -> b
    boolean isAuto(android.content.Context) -> a
    boolean isAuto(android.content.pm.PackageManager) -> b
    boolean isWearable(android.content.Context) -> c
    boolean isWearable(android.content.pm.PackageManager) -> d
    boolean isWearableWithoutPlayStore(android.content.Context) -> e
    boolean zza(android.content.Context) -> f
    boolean zzb(android.content.Context) -> g
com.google.android.gms.common.util.Hex -> f6.h:
    char[] zza -> a
    java.lang.String bytesToStringUppercase(byte[],boolean) -> a
com.google.android.gms.common.util.IOUtils -> com.google.android.gms.common.util.a:
    void closeQuietly(java.io.Closeable) -> a
com.google.android.gms.common.util.PlatformVersion -> f6.i:
    boolean isAtLeastIceCreamSandwich() -> a
    boolean isAtLeastJellyBean() -> b
    boolean isAtLeastJellyBeanMR2() -> c
    boolean isAtLeastKitKatWatch() -> d
    boolean isAtLeastLollipop() -> e
    boolean isAtLeastN() -> f
    boolean isAtLeastO() -> g
    boolean isAtLeastP() -> h
    boolean isAtLeastR() -> i
com.google.android.gms.common.util.ProcessUtils -> com.google.android.gms.common.util.b:
    java.lang.String zza -> a
    int zzb -> b
    java.lang.String getMyProcessName() -> a
com.google.android.gms.common.util.Strings -> f6.j:
    boolean isEmptyOrWhitespace(java.lang.String) -> a
com.google.android.gms.common.util.WorkSourceUtil -> f6.k:
    java.lang.reflect.Method zzd -> c
    java.lang.reflect.Method zzf -> d
    java.lang.reflect.Method zzb -> a
    java.lang.reflect.Method zzc -> b
    android.os.WorkSource fromPackage(android.content.Context,java.lang.String) -> a
    java.util.List getNames(android.os.WorkSource) -> b
    boolean hasWorkSourcePermission(android.content.Context) -> c
    void zza(android.os.WorkSource,int,java.lang.String) -> d
com.google.android.gms.common.util.concurrent.NamedThreadFactory -> g6.a:
    java.util.concurrent.ThreadFactory zzb -> b
    java.lang.String zza -> a
com.google.android.gms.common.util.concurrent.NumberedThreadFactory -> g6.b:
    java.util.concurrent.ThreadFactory zzc -> c
    java.util.concurrent.atomic.AtomicInteger zzb -> b
    java.lang.String zza -> a
com.google.android.gms.common.util.concurrent.zza -> g6.c:
    java.lang.Runnable zza -> e
com.google.android.gms.common.util.zza -> f6.l:
    int zza(int) -> a