build/app/outputs/mapping/release/usage.txt
gallery.hidepictures.photovault.lockgallery.gallery_vault.BuildConfig
gallery.hidepictures.photovault.lockgallery.gallery_vault.R$anim
gallery.hidepictures.photovault.lockgallery.gallery_vault.R$animator
gallery.hidepictures.photovault.lockgallery.gallery_vault.R$attr
gallery.hidepictures.photovault.lockgallery.gallery_vault.R$bool
gallery.hidepictures.photovault.lockgallery.gallery_vault.R$color
gallery.hidepictures.photovault.lockgallery.gallery_vault.R$dimen
gallery.hidepictures.photovault.lockgallery.gallery_vault.R$drawable
gallery.hidepictures.photovault.lockgallery.gallery_vault.R$id
gallery.hidepictures.photovault.lockgallery.gallery_vault.R$integer
gallery.hidepictures.photovault.lockgallery.gallery_vault.R$interpolator
gallery.hidepictures.photovault.lockgallery.gallery_vault.R$layout
gallery.hidepictures.photovault.lockgallery.gallery_vault.R$mipmap
gallery.hidepictures.photovault.lockgallery.gallery_vault.R$raw
gallery.hidepictures.photovault.lockgallery.gallery_vault.R$string
gallery.hidepictures.photovault.lockgallery.gallery_vault.R$style
gallery.hidepictures.photovault.lockgallery.gallery_vault.R$styleable
gallery.hidepictures.photovault.lockgallery.gallery_vault.R$xml
gallery.hidepictures.photovault.lockgallery.gallery_vault.R
...
com.google.android.exoplayer2.extractor.flac.FlacExtractor:
    public static final com.google.android.exoplayer2.extractor.ExtractorsFactory FACTORY
com.google.android.exoplayer2.extractor.flv.FlvExtractor:
    public static final com.google.android.exoplayer2.extractor.ExtractorsFactory FACTORY
com.google.android.exoplayer2.extractor.jpeg.MotionPhotoDescription$ContainerItem:
    public final java.lang.String semantic
com.google.android.exoplayer2.extractor.mkv.MatroskaExtractor:
    public static final com.google.android.exoplayer2.extractor.ExtractorsFactory FACTORY
com.google.android.exoplayer2.extractor.mp3.Mp3Extractor:
    public static final com.google.android.exoplayer2.extractor.ExtractorsFactory FACTORY
com.google.android.exoplayer2.extractor.mp4.FragmentedMp4Extractor:
    public static final com.google.android.exoplayer2.extractor.ExtractorsFactory FACTORY
com.google.android.exoplayer2.extractor.mp4.Mp4Extractor:
    public static final com.google.android.exoplayer2.extractor.ExtractorsFactory FACTORY
com.google.android.exoplayer2.extractor.mp4.SefReader$DataReference:
    public final int dataType
com.google.android.exoplayer2.extractor.ogg.OggExtractor:
    public static final com.google.android.exoplayer2.extractor.ExtractorsFactory FACTORY
com.google.android.exoplayer2.extractor.ogg.OggPageHeader:
    public long pageChecksum
    public long pageSequenceNumber
    public long streamSerialNumber
com.google.android.exoplayer2.extractor.ts.Ac3Extractor:
    public static final com.google.android.exoplayer2.extractor.ExtractorsFactory FACTORY
com.google.android.exoplayer2.extractor.ts.Ac4Extractor:
    public static final com.google.android.exoplayer2.extractor.ExtractorsFactory FACTORY
com.google.android.exoplayer2.extractor.ts.AdtsExtractor:
    public static final com.google.android.exoplayer2.extractor.ExtractorsFactory FACTORY
com.google.android.exoplayer2.extractor.ts.PsExtractor:
    public static final com.google.android.exoplayer2.extractor.ExtractorsFactory FACTORY
com.google.android.exoplayer2.extractor.ts.TsExtractor:
    public static final com.google.android.exoplayer2.extractor.ExtractorsFactory FACTORY
com.google.android.exoplayer2.extractor.ts.TsPayloadReader$DvbSubtitleInfo:
    public final int type
com.google.android.exoplayer2.extractor.wav.WavExtractor:
    public static final com.google.android.exoplayer2.extractor.ExtractorsFactory FACTORY
com.google.android.exoplayer2.extractor.wav.WavFormat:
    public final int averageBytesPerSecond
com.google.android.exoplayer2.mediacodec.MediaCodecDecoderException:
    public final com.google.android.exoplayer2.mediacodec.MediaCodecInfo codecInfo
com.google.android.exoplayer2.mediacodec.MediaCodecInfo:
    public final boolean softwareOnly
    public final boolean tunneling
    public final boolean vendor
com.google.android.exoplayer2.mediacodec.MediaCodecRenderer$DecoderInitializationException:
    public final com.google.android.exoplayer2.mediacodec.MediaCodecRenderer$DecoderInitializationException fallbackDecoderInitializationException
com.google.android.exoplayer2.mediacodec.MediaCodecRenderer$OutputStreamInfo:
    public final long startPositionUs
com.google.android.exoplayer2.metadata.id3.TextInformationFrame:
    public final java.lang.String value
com.google.android.exoplayer2.metadata.mp4.SlowMotionData$Segment$$InternalSyntheticLambda$3$9d45a99a86bcad61690c786ab9d9dfbad7a322468cb7c939eee08ac7e0c857a4$0
com.google.android.exoplayer2.metadata.mp4.SlowMotionData$Segment:
    public static final java.util.Comparator BY_START_THEN_END_THEN_DIVISOR
    public static synthetic int $r8$lambda$fHu7dMf5JFxgXhjPMION0osau7U(com.google.android.exoplayer2.metadata.mp4.SlowMotionData$Segment,com.google.android.exoplayer2.metadata.mp4.SlowMotionData$Segment)
    private static synthetic int lambda$static$0(com.google.android.exoplayer2.metadata.mp4.SlowMotionData$Segment,com.google.android.exoplayer2.metadata.mp4.SlowMotionData$Segment)